<?xml version="1.0" encoding="UTF-8"?>
<robot generator="Robot 3.2.2 (Python 3.9.1 on win32)" generated="20210122 20:07:00.584" rpa="false">
<suite id="s1" name="TestSiteClashRoyale" source="C:\Users\Prime\projetos\robot_project_primecontrol\robot_test\tests\TestSiteClashRoyale.robot">
<test id="s1-t1" name="Caso de Teste: Acessar o site, logar e criar uma nova chave">
<kw name="Abrir navegador" library="Resource">
<kw name="Open Browser" library="SeleniumLibrary">
<doc>Opens a new browser instance to the optional ``url``.</doc>
<arguments>
<arg>${URL}</arg>
<arg>${BROWSER}</arg>
</arguments>
<msg timestamp="20210122 20:07:00.772" level="INFO">Opening browser 'gc' to base url 'https://developer.clashroyale.com/'.</msg>
<status status="PASS" starttime="20210122 20:07:00.772" endtime="20210122 20:07:05.974"></status>
</kw>
<status status="PASS" starttime="20210122 20:07:00.771" endtime="20210122 20:07:05.974"></status>
</kw>
<kw name="Verificar se esta na pagina home do site" library="Resource">
<kw name="Title Should Be" library="SeleniumLibrary">
<doc>Verifies that the current page title equals ``title``.</doc>
<arguments>
<arg>Clash Royale API</arg>
</arguments>
<msg timestamp="20210122 20:07:05.980" level="INFO">Page title is 'Clash Royale API'.</msg>
<status status="PASS" starttime="20210122 20:07:05.975" endtime="20210122 20:07:05.980"></status>
</kw>
<status status="PASS" starttime="20210122 20:07:05.975" endtime="20210122 20:07:05.980"></status>
</kw>
<kw name="Clicar no botao login da pagina home" library="Resource">
<kw name="Click Element" library="SeleniumLibrary">
<doc>Click the element identified by ``locator``.</doc>
<arguments>
<arg>xpath=//*[@id="content"]/div/div[2]/div/header/div/div/div[3]/div/a[2]</arg>
</arguments>
<msg timestamp="20210122 20:07:05.982" level="INFO">Clicking element 'xpath=//*[@id="content"]/div/div[2]/div/header/div/div/div[3]/div/a[2]'.</msg>
<kw name="Capture Page Screenshot" library="SeleniumLibrary">
<doc>Takes a screenshot of the current page and embeds it into a log file.</doc>
<msg timestamp="20210122 20:07:06.316" level="INFO" html="yes">&lt;/td&gt;&lt;/tr&gt;&lt;tr&gt;&lt;td colspan="3"&gt;&lt;a href="selenium-screenshot-1.png"&gt;&lt;img src="selenium-screenshot-1.png" width="800px"&gt;&lt;/a&gt;</msg>
<status status="PASS" starttime="20210122 20:07:05.992" endtime="20210122 20:07:06.317"></status>
</kw>
<msg timestamp="20210122 20:07:06.352" level="FAIL">Element with locator 'xpath=//*[@id="content"]/div/div[2]/div/header/div/div/div[3]/div/a[2]' not found.</msg>
<status status="FAIL" starttime="20210122 20:07:05.981" endtime="20210122 20:07:06.352"></status>
</kw>
<status status="FAIL" starttime="20210122 20:07:05.981" endtime="20210122 20:07:06.352"></status>
</kw>
<status status="FAIL" starttime="20210122 20:07:00.771" endtime="20210122 20:07:06.353" critical="yes">Element with locator 'xpath=//*[@id="content"]/div/div[2]/div/header/div/div/div[3]/div/a[2]' not found.</status>
</test>
<status status="FAIL" starttime="20210122 20:07:00.585" endtime="20210122 20:07:06.362"></status>
</suite>
<statistics>
<total>
<stat pass="0" fail="1">Critical Tests</stat>
<stat pass="0" fail="1">All Tests</stat>
</total>
<tag>
</tag>
<suite>
<stat pass="0" fail="1" id="s1" name="TestSiteClashRoyale">TestSiteClashRoyale</stat>
</suite>
</statistics>
<errors>
</errors>
</robot>
