<?xml version="1.0" encoding="UTF-8"?>
<robot generator="Robot 3.2.2 (Python 3.9.1 on win32)" generated="20210122 18:15:16.892" rpa="false">
<suite id="s1" name="TestSiteClashRoyale" source="C:\Users\Prime\projetos\robot_project_primecontrol\robot_test\tests\TestSiteClashRoyale.robot">
<test id="s1-t1" name="Caso de Teste: Acessar o site, logar e criar uma nova chave">
<kw name="Abrir navegador" library="Resource">
<kw name="Open Browser" library="SeleniumLibrary">
<doc>Opens a new browser instance to the optional ``url``.</doc>
<arguments>
<arg>${URL}</arg>
<arg>${BROWSER}</arg>
</arguments>
<msg timestamp="20210122 18:15:17.088" level="INFO">Opening browser 'gc' to base url 'https://developer.clashroyale.com/'.</msg>
<status status="PASS" starttime="20210122 18:15:17.087" endtime="20210122 18:15:20.516"></status>
</kw>
<status status="PASS" starttime="20210122 18:15:17.087" endtime="20210122 18:15:20.516"></status>
</kw>
<kw name="Verificar se esta na pagina home do site" library="Resource">
<kw name="Title Should Be" library="SeleniumLibrary">
<doc>Verifies that the current page title equals ``title``.</doc>
<arguments>
<arg>Clash Royale API</arg>
</arguments>
<msg timestamp="20210122 18:15:20.523" level="INFO">Page title is 'Clash Royale API'.</msg>
<status status="PASS" starttime="20210122 18:15:20.517" endtime="20210122 18:15:20.523"></status>
</kw>
<status status="PASS" starttime="20210122 18:15:20.517" endtime="20210122 18:15:20.523"></status>
</kw>
<kw name="Fechar navegador" library="Resource">
<kw name="Close Browser" library="SeleniumLibrary">
<doc>Closes the current browser.</doc>
<status status="PASS" starttime="20210122 18:15:20.524" endtime="20210122 18:15:22.613"></status>
</kw>
<status status="PASS" starttime="20210122 18:15:20.524" endtime="20210122 18:15:22.613"></status>
</kw>
<status status="PASS" starttime="20210122 18:15:17.086" endtime="20210122 18:15:22.614" critical="yes"></status>
</test>
<status status="PASS" starttime="20210122 18:15:16.894" endtime="20210122 18:15:22.620"></status>
</suite>
<statistics>
<total>
<stat pass="1" fail="0">Critical Tests</stat>
<stat pass="1" fail="0">All Tests</stat>
</total>
<tag>
</tag>
<suite>
<stat pass="1" fail="0" id="s1" name="TestSiteClashRoyale">TestSiteClashRoyale</stat>
</suite>
</statistics>
<errors>
</errors>
</robot>
